<?xml version="1.0" encoding="UTF-8"?>
<testsuite name="com.example.project.TestGroceryStore" tests="2" skipped="0" failures="0" errors="0" timestamp="2025-02-14T03:24:12" hostname="codespaces-62c347" time="0.009">
  <properties/>
  <testcase name="testReorderPARTA()" classname="com.example.project.TestGroceryStore" time="0.007"/>
  <testcase name="testReorderPARTB()" classname="com.example.project.TestGroceryStore" time="0.001"/>
  <system-out><![CDATA[]]></system-out>
  <system-err><![CDATA[]]></system-err>
</testsuite>
